# JRE version: Java(TM) SE Runtime Environment (8.0_45-b14) (build 1.8.0_45-b14)
# Java VM: Java HotSpot(TM) 64-Bit Server VM (25.45-b02 mixed mode linux-amd64 compressed oops)
Heap:
 PSYoungGen      total 156672K, used 34600K [0x00000000eab00000, 0x00000000f5780000, 0x0000000100000000)
  eden space 140800K, 24% used [0x00000000eab00000,0x00000000eccca1e8,0x00000000f3480000)
  from space 15872K, 0% used [0x00000000f3480000,0x00000000f3480000,0x00000000f4400000)
  to   space 17920K, 0% used [0x00000000f4600000,0x00000000f4600000,0x00000000f5780000)
 ParOldGen       total 60928K, used 41247K [0x00000000c0000000, 0x00000000c3b80000, 0x00000000eab00000)
  object space 60928K, 67% used [0x00000000c0000000,0x00000000c2847f40,0x00000000c3b80000)
 Metaspace       used 42713K, capacity 44832K, committed 45056K, reserved 1087488K
  class space    used 5856K, capacity 6626K, committed 6656K, reserved 1048576K
GC Heap History (10 events):
Event: 16,404 GC heap before
{Heap before GC invocations=18 (full 1):
 PSYoungGen      total 120832K, used 72515K [0x00000000eab00000, 0x00000000f2b00000, 0x0000000100000000)
  eden space 113664K, 57% used [0x00000000eab00000,0x00000000eeb42b28,0x00000000f1a00000)
  from space 7168K, 93% used [0x00000000f2400000,0x00000000f2a8e268,0x00000000f2b00000)
  to   space 8704K, 0% used [0x00000000f1a00000,0x00000000f1a00000,0x00000000f2280000)
 ParOldGen       total 33280K, used 13197K [0x00000000c0000000, 0x00000000c2080000, 0x00000000eab00000)
  object space 33280K, 39% used [0x00000000c0000000,0x00000000c0ce3630,0x00000000c2080000)
 Metaspace       used 34094K, capacity 35258K, committed 35416K, reserved 1079296K
  class space    used 4537K, capacity 5023K, committed 5120K, reserved 1048576K
Event: 16,436 GC heap after
Heap after GC invocations=18 (full 1):
 PSYoungGen      total 122368K, used 8698K [0x00000000eab00000, 0x00000000f5080000, 0x0000000100000000)
  eden space 113664K, 0% used [0x00000000eab00000,0x00000000eab00000,0x00000000f1a00000)
  from space 8704K, 99% used [0x00000000f1a00000,0x00000000f227ea68,0x00000000f2280000)
  to   space 12288K, 0% used [0x00000000f4480000,0x00000000f4480000,0x00000000f5080000)
 ParOldGen       total 33280K, used 17917K [0x00000000c0000000, 0x00000000c2080000, 0x00000000eab00000)
  object space 33280K, 53% used [0x00000000c0000000,0x00000000c117f7d0,0x00000000c2080000)
 Metaspace       used 34094K, capacity 35258K, committed 35416K, reserved 1079296K
  class space    used 4537K, capacity 5023K, committed 5120K, reserved 1048576K
}
Event: 16,436 GC heap before
{Heap before GC invocations=19 (full 2):
 PSYoungGen      total 122368K, used 8698K [0x00000000eab00000, 0x00000000f5080000, 0x0000000100000000)
  eden space 113664K, 0% used [0x00000000eab00000,0x00000000eab00000,0x00000000f1a00000)
  from space 8704K, 99% used [0x00000000f1a00000,0x00000000f227ea68,0x00000000f2280000)
  to   space 12288K, 0% used [0x00000000f4480000,0x00000000f4480000,0x00000000f5080000)
 ParOldGen       total 33280K, used 17917K [0x00000000c0000000, 0x00000000c2080000, 0x00000000eab00000)
  object space 33280K, 53% used [0x00000000c0000000,0x00000000c117f7d0,0x00000000c2080000)
 Metaspace       used 34094K, capacity 35258K, committed 35416K, reserved 1079296K
  class space    used 4537K, capacity 5023K, committed 5120K, reserved 1048576K
Event: 16,566 GC heap after
Heap after GC invocations=19 (full 2):
 PSYoungGen      total 122368K, used 0K [0x00000000eab00000, 0x00000000f5080000, 0x0000000100000000)
  eden space 113664K, 0% used [0x00000000eab00000,0x00000000eab00000,0x00000000f1a00000)
  from space 8704K, 0% used [0x00000000f1a00000,0x00000000f1a00000,0x00000000f2280000)
  to   space 12288K, 0% used [0x00000000f4480000,0x00000000f4480000,0x00000000f5080000)
 ParOldGen       total 60928K, used 24669K [0x00000000c0000000, 0x00000000c3b80000, 0x00000000eab00000)
  object space 60928K, 40% used [0x00000000c0000000,0x00000000c1817448,0x00000000c3b80000)
 Metaspace       used 34094K, capacity 35258K, committed 35416K, reserved 1079296K
  class space    used 4537K, capacity 5023K, committed 5120K, reserved 1048576K
}
Event: 18,360 GC heap before
{Heap before GC invocations=20 (full 2):
 PSYoungGen      total 122368K, used 113664K [0x00000000eab00000, 0x00000000f5080000, 0x0000000100000000)
  eden space 113664K, 100% used [0x00000000eab00000,0x00000000f1a00000,0x00000000f1a00000)
  from space 8704K, 0% used [0x00000000f1a00000,0x00000000f1a00000,0x00000000f2280000)
  to   space 12288K, 0% used [0x00000000f4480000,0x00000000f4480000,0x00000000f5080000)
 ParOldGen       total 60928K, used 24669K [0x00000000c0000000, 0x00000000c3b80000, 0x00000000eab00000)
  object space 60928K, 40% used [0x00000000c0000000,0x00000000c1817448,0x00000000c3b80000)
 Metaspace       used 38476K, capacity 39730K, committed 39808K, reserved 1083392K
  class space    used 5198K, capacity 5699K, committed 5760K, reserved 1048576K
Event: 18,390 GC heap after
Heap after GC invocations=20 (full 2):
 PSYoungGen      total 153088K, used 12257K [0x00000000eab00000, 0x00000000f5380000, 0x0000000100000000)
  eden space 140800K, 0% used [0x00000000eab00000,0x00000000eab00000,0x00000000f3480000)
  from space 12288K, 99% used [0x00000000f4480000,0x00000000f5078520,0x00000000f5080000)
  to   space 15872K, 0% used [0x00000000f3480000,0x00000000f3480000,0x00000000f4400000)
 ParOldGen       total 60928K, used 28017K [0x00000000c0000000, 0x00000000c3b80000, 0x00000000eab00000)
  object space 60928K, 45% used [0x00000000c0000000,0x00000000c1b5c578,0x00000000c3b80000)
 Metaspace       used 38476K, capacity 39730K, committed 39808K, reserved 1083392K
  class space    used 5198K, capacity 5699K, committed 5760K, reserved 1048576K
}
Event: 20,296 GC heap before
{Heap before GC invocations=21 (full 2):
 PSYoungGen      total 153088K, used 135785K [0x00000000eab00000, 0x00000000f5380000, 0x0000000100000000)
  eden space 140800K, 87% used [0x00000000eab00000,0x00000000f23a2138,0x00000000f3480000)
  from space 12288K, 99% used [0x00000000f4480000,0x00000000f5078520,0x00000000f5080000)
  to   space 15872K, 0% used [0x00000000f3480000,0x00000000f3480000,0x00000000f4400000)
 ParOldGen       total 60928K, used 28017K [0x00000000c0000000, 0x00000000c3b80000, 0x00000000eab00000)
  object space 60928K, 45% used [0x00000000c0000000,0x00000000c1b5c578,0x00000000c3b80000)
 Metaspace       used 42400K, capacity 44334K, committed 44544K, reserved 1087488K
  class space    used 5833K, capacity 6545K, committed 6656K, reserved 1048576K
Event: 20,346 GC heap after
Heap after GC invocations=21 (full 2):
 PSYoungGen      total 156672K, used 13664K [0x00000000eab00000, 0x00000000f5780000, 0x0000000100000000)
  eden space 140800K, 0% used [0x00000000eab00000,0x00000000eab00000,0x00000000f3480000)
  from space 15872K, 86% used [0x00000000f3480000,0x00000000f41d8340,0x00000000f4400000)
  to   space 17920K, 0% used [0x00000000f4600000,0x00000000f4600000,0x00000000f5780000)
 ParOldGen       total 60928K, used 37206K [0x00000000c0000000, 0x00000000c3b80000, 0x00000000eab00000)
  object space 60928K, 61% used [0x00000000c0000000,0x00000000c2455978,0x00000000c3b80000)
 Metaspace       used 42400K, capacity 44334K, committed 44544K, reserved 1087488K
  class space    used 5833K, capacity 6545K, committed 6656K, reserved 1048576K
}
Event: 20,346 GC heap before
{Heap before GC invocations=22 (full 3):
 PSYoungGen      total 156672K, used 13664K [0x00000000eab00000, 0x00000000f5780000, 0x0000000100000000)
  eden space 140800K, 0% used [0x00000000eab00000,0x00000000eab00000,0x00000000f3480000)
  from space 15872K, 86% used [0x00000000f3480000,0x00000000f41d8340,0x00000000f4400000)
  to   space 17920K, 0% used [0x00000000f4600000,0x00000000f4600000,0x00000000f5780000)
 ParOldGen       total 60928K, used 37206K [0x00000000c0000000, 0x00000000c3b80000, 0x00000000eab00000)
  object space 60928K, 61% used [0x00000000c0000000,0x00000000c2455978,0x00000000c3b80000)
 Metaspace       used 42400K, capacity 44334K, committed 44544K, reserved 1087488K
  class space    used 5833K, capacity 6545K, committed 6656K, reserved 1048576K
Event: 20,572 GC heap after
Heap after GC invocations=22 (full 3):
 PSYoungGen      total 156672K, used 0K [0x00000000eab00000, 0x00000000f5780000, 0x0000000100000000)
  eden space 140800K, 0% used [0x00000000eab00000,0x00000000eab00000,0x00000000f3480000)
  from space 15872K, 0% used [0x00000000f3480000,0x00000000f3480000,0x00000000f4400000)
  to   space 17920K, 0% used [0x00000000f4600000,0x00000000f4600000,0x00000000f5780000)
 ParOldGen       total 60928K, used 41247K [0x00000000c0000000, 0x00000000c3b80000, 0x00000000eab00000)
  object space 60928K, 67% used [0x00000000c0000000,0x00000000c2847f40,0x00000000c3b80000)
 Metaspace       used 42366K, capacity 44220K, committed 44544K, reserved 1087488K
  class space    used 5827K, capacity 6511K, committed 6656K, reserved 1048576K
}

