# JRE version: Java(TM) SE Runtime Environment (8.0_45-b14) (build 1.8.0_45-b14)
# Java VM: Java HotSpot(TM) 64-Bit Server VM (25.45-b02 mixed mode linux-amd64 compressed oops)
Heap:
 PSYoungGen      total 66048K, used 49986K [0x00000000eab00000, 0x00000000f3700000, 0x0000000100000000)
  eden space 63488K, 78% used [0x00000000eab00000,0x00000000edbd0a48,0x00000000ee900000)
  from space 2560K, 0% used [0x00000000ee900000,0x00000000ee900000,0x00000000eeb80000)
  to   space 8192K, 0% used [0x00000000f2f00000,0x00000000f2f00000,0x00000000f3700000)
 ParOldGen       total 37376K, used 8109K [0x00000000c0000000, 0x00000000c2480000, 0x00000000eab00000)
  object space 37376K, 21% used [0x00000000c0000000,0x00000000c07eb4c8,0x00000000c2480000)
 Metaspace       used 24922K, capacity 25598K, committed 25984K, reserved 1071104K
  class space    used 3378K, capacity 3609K, committed 3712K, reserved 1048576K
GC Heap History (10 events):
Event: 0,858 GC heap before
{Heap before GC invocations=2 (full 0):
 PSYoungGen      total 18432K, used 18427K [0x00000000eab00000, 0x00000000ecf00000, 0x0000000100000000)
  eden space 15872K, 100% used [0x00000000eab00000,0x00000000eba80000,0x00000000eba80000)
  from space 2560K, 99% used [0x00000000eba80000,0x00000000ebcfedf8,0x00000000ebd00000)
  to   space 2560K, 0% used [0x00000000ecc80000,0x00000000ecc80000,0x00000000ecf00000)
 ParOldGen       total 42496K, used 888K [0x00000000c0000000, 0x00000000c2980000, 0x00000000eab00000)
  object space 42496K, 2% used [0x00000000c0000000,0x00000000c00de198,0x00000000c2980000)
 Metaspace       used 8361K, capacity 8556K, committed 8704K, reserved 1056768K
  class space    used 1122K, capacity 1186K, committed 1280K, reserved 1048576K
Event: 0,866 GC heap after
Heap after GC invocations=2 (full 0):
 PSYoungGen      total 34304K, used 2528K [0x00000000eab00000, 0x00000000ecf00000, 0x0000000100000000)
  eden space 31744K, 0% used [0x00000000eab00000,0x00000000eab00000,0x00000000eca00000)
  from space 2560K, 98% used [0x00000000ecc80000,0x00000000ecef8020,0x00000000ecf00000)
  to   space 2560K, 0% used [0x00000000eca00000,0x00000000eca00000,0x00000000ecc80000)
 ParOldGen       total 42496K, used 1569K [0x00000000c0000000, 0x00000000c2980000, 0x00000000eab00000)
  object space 42496K, 3% used [0x00000000c0000000,0x00000000c0188478,0x00000000c2980000)
 Metaspace       used 8361K, capacity 8556K, committed 8704K, reserved 1056768K
  class space    used 1122K, capacity 1186K, committed 1280K, reserved 1048576K
}
Event: 1,560 GC heap before
{Heap before GC invocations=3 (full 0):
 PSYoungGen      total 34304K, used 34272K [0x00000000eab00000, 0x00000000ecf00000, 0x0000000100000000)
  eden space 31744K, 100% used [0x00000000eab00000,0x00000000eca00000,0x00000000eca00000)
  from space 2560K, 98% used [0x00000000ecc80000,0x00000000ecef8020,0x00000000ecf00000)
  to   space 2560K, 0% used [0x00000000eca00000,0x00000000eca00000,0x00000000ecc80000)
 ParOldGen       total 42496K, used 1569K [0x00000000c0000000, 0x00000000c2980000, 0x00000000eab00000)
  object space 42496K, 3% used [0x00000000c0000000,0x00000000c0188478,0x00000000c2980000)
 Metaspace       used 14581K, capacity 14904K, committed 15232K, reserved 1062912K
  class space    used 1963K, capacity 2052K, committed 2176K, reserved 1048576K
Event: 1,576 GC heap after
Heap after GC invocations=3 (full 0):
 PSYoungGen      total 34304K, used 2528K [0x00000000eab00000, 0x00000000eee00000, 0x0000000100000000)
  eden space 31744K, 0% used [0x00000000eab00000,0x00000000eab00000,0x00000000eca00000)
  from space 2560K, 98% used [0x00000000eca00000,0x00000000ecc78040,0x00000000ecc80000)
  to   space 2560K, 0% used [0x00000000eeb80000,0x00000000eeb80000,0x00000000eee00000)
 ParOldGen       total 42496K, used 6882K [0x00000000c0000000, 0x00000000c2980000, 0x00000000eab00000)
  object space 42496K, 16% used [0x00000000c0000000,0x00000000c06b8ae8,0x00000000c2980000)
 Metaspace       used 14581K, capacity 14904K, committed 15232K, reserved 1062912K
  class space    used 1963K, capacity 2052K, committed 2176K, reserved 1048576K
}
Event: 2,289 GC heap before
{Heap before GC invocations=4 (full 0):
 PSYoungGen      total 34304K, used 34272K [0x00000000eab00000, 0x00000000eee00000, 0x0000000100000000)
  eden space 31744K, 100% used [0x00000000eab00000,0x00000000eca00000,0x00000000eca00000)
  from space 2560K, 98% used [0x00000000eca00000,0x00000000ecc78040,0x00000000ecc80000)
  to   space 2560K, 0% used [0x00000000eeb80000,0x00000000eeb80000,0x00000000eee00000)
 ParOldGen       total 42496K, used 6882K [0x00000000c0000000, 0x00000000c2980000, 0x00000000eab00000)
  object space 42496K, 16% used [0x00000000c0000000,0x00000000c06b8ae8,0x00000000c2980000)
 Metaspace       used 18757K, capacity 19084K, committed 19456K, reserved 1067008K
  class space    used 2601K, capacity 2714K, committed 2816K, reserved 1048576K
Event: 2,304 GC heap after
Heap after GC invocations=4 (full 0):
 PSYoungGen      total 66048K, used 2560K [0x00000000eab00000, 0x00000000eee00000, 0x0000000100000000)
  eden space 63488K, 0% used [0x00000000eab00000,0x00000000eab00000,0x00000000ee900000)
  from space 2560K, 100% used [0x00000000eeb80000,0x00000000eee00000,0x00000000eee00000)
  to   space 2560K, 0% used [0x00000000ee900000,0x00000000ee900000,0x00000000eeb80000)
 ParOldGen       total 42496K, used 10763K [0x00000000c0000000, 0x00000000c2980000, 0x00000000eab00000)
  object space 42496K, 25% used [0x00000000c0000000,0x00000000c0a82f38,0x00000000c2980000)
 Metaspace       used 18757K, capacity 19084K, committed 19456K, reserved 1067008K
  class space    used 2601K, capacity 2714K, committed 2816K, reserved 1048576K
}
Event: 2,658 GC heap before
{Heap before GC invocations=5 (full 0):
 PSYoungGen      total 66048K, used 25385K [0x00000000eab00000, 0x00000000eee00000, 0x0000000100000000)
  eden space 63488K, 35% used [0x00000000eab00000,0x00000000ec14a520,0x00000000ee900000)
  from space 2560K, 100% used [0x00000000eeb80000,0x00000000eee00000,0x00000000eee00000)
  to   space 2560K, 0% used [0x00000000ee900000,0x00000000ee900000,0x00000000eeb80000)
 ParOldGen       total 42496K, used 10763K [0x00000000c0000000, 0x00000000c2980000, 0x00000000eab00000)
  object space 42496K, 25% used [0x00000000c0000000,0x00000000c0a82f38,0x00000000c2980000)
 Metaspace       used 20592K, capacity 21026K, committed 21248K, reserved 1067008K
  class space    used 2787K, capacity 2946K, committed 3072K, reserved 1048576K
Event: 2,671 GC heap after
Heap after GC invocations=5 (full 0):
 PSYoungGen      total 66048K, used 2544K [0x00000000eab00000, 0x00000000f3700000, 0x0000000100000000)
  eden space 63488K, 0% used [0x00000000eab00000,0x00000000eab00000,0x00000000ee900000)
  from space 2560K, 99% used [0x00000000ee900000,0x00000000eeb7c050,0x00000000eeb80000)
  to   space 8192K, 0% used [0x00000000f2f00000,0x00000000f2f00000,0x00000000f3700000)
 ParOldGen       total 42496K, used 13431K [0x00000000c0000000, 0x00000000c2980000, 0x00000000eab00000)
  object space 42496K, 31% used [0x00000000c0000000,0x00000000c0d1de98,0x00000000c2980000)
 Metaspace       used 20592K, capacity 21026K, committed 21248K, reserved 1067008K
  class space    used 2787K, capacity 2946K, committed 3072K, reserved 1048576K
}
Event: 2,671 GC heap before
{Heap before GC invocations=6 (full 1):
 PSYoungGen      total 66048K, used 2544K [0x00000000eab00000, 0x00000000f3700000, 0x0000000100000000)
  eden space 63488K, 0% used [0x00000000eab00000,0x00000000eab00000,0x00000000ee900000)
  from space 2560K, 99% used [0x00000000ee900000,0x00000000eeb7c050,0x00000000eeb80000)
  to   space 8192K, 0% used [0x00000000f2f00000,0x00000000f2f00000,0x00000000f3700000)
 ParOldGen       total 42496K, used 13431K [0x00000000c0000000, 0x00000000c2980000, 0x00000000eab00000)
  object space 42496K, 31% used [0x00000000c0000000,0x00000000c0d1de98,0x00000000c2980000)
 Metaspace       used 20592K, capacity 21026K, committed 21248K, reserved 1067008K
  class space    used 2787K, capacity 2946K, committed 3072K, reserved 1048576K
Event: 2,726 GC heap after
Heap after GC invocations=6 (full 1):
 PSYoungGen      total 66048K, used 0K [0x00000000eab00000, 0x00000000f3700000, 0x0000000100000000)
  eden space 63488K, 0% used [0x00000000eab00000,0x00000000eab00000,0x00000000ee900000)
  from space 2560K, 0% used [0x00000000ee900000,0x00000000ee900000,0x00000000eeb80000)
  to   space 8192K, 0% used [0x00000000f2f00000,0x00000000f2f00000,0x00000000f3700000)
 ParOldGen       total 37376K, used 8109K [0x00000000c0000000, 0x00000000c2480000, 0x00000000eab00000)
  object space 37376K, 21% used [0x00000000c0000000,0x00000000c07eb4c8,0x00000000c2480000)
 Metaspace       used 20592K, capacity 21026K, committed 21248K, reserved 1067008K
  class space    used 2787K, capacity 2946K, committed 3072K, reserved 1048576K
}

